\BOOKMARK [0][]{Title.0}{Titlepage}{}% 1
\BOOKMARK [0][]{acknowledgments.0}{Acknowledgments}{}% 2
\BOOKMARK [0][]{Abstract.0}{Abstract}{}% 3
\BOOKMARK [0][]{Abstract.0}{Abstract}{}% 4
\BOOKMARK [0][]{Resumo.0}{Resumo}{}% 5
\BOOKMARK [0][]{toc.0}{Contents}{}% 6
\BOOKMARK [1][]{lof.1}{List of Figures}{toc.0}% 7
\BOOKMARK [1][]{lot.1}{List of Tables}{toc.0}% 8
\BOOKMARK [1][]{loac.1}{Acronyms}{toc.0}% 9
\BOOKMARK [0][]{chapter.1}{1 Introduction}{}% 10
\BOOKMARK [1][]{section.1.1}{1.1 Context}{chapter.1}% 11
\BOOKMARK [1][]{section.1.2}{1.2 Problem statement}{chapter.1}% 12
\BOOKMARK [1][]{section.1.3}{1.3 Contributions}{chapter.1}% 13
\BOOKMARK [1][]{section.1.4}{1.4 Structure for the thesis}{chapter.1}% 14
\BOOKMARK [0][]{chapter.2}{2 Background - Children automatic speech recognition}{}% 15
\BOOKMARK [1][]{section.2.1}{2.1 Children speech recognition challenges}{chapter.2}% 16
\BOOKMARK [2][]{subsection.2.1.1}{2.1.1 Speech variability}{section.2.1}% 17
\BOOKMARK [2][]{subsection.2.1.2}{2.1.2 Language and phonetic knowledge}{section.2.1}% 18
\BOOKMARK [2][]{subsection.2.1.3}{2.1.3 Data scarcity}{section.2.1}% 19
\BOOKMARK [1][]{section.2.2}{2.2 Introduction to automatic speech recognition}{chapter.2}% 20
\BOOKMARK [2][]{subsection.2.2.1}{2.2.1 A brief history of Automatic Speech Recognition}{section.2.2}% 21
\BOOKMARK [3][]{subsubsection.2.2.1.1}{2.2.1.A Early Days}{subsection.2.2.1}% 22
\BOOKMARK [3][]{subsubsection.2.2.1.2}{2.2.1.B The Speech Understanding Research program}{subsection.2.2.1}% 23
\BOOKMARK [2][]{subsection.2.2.2}{2.2.2 Traditional automatic speech recognition systems}{section.2.2}% 24
\BOOKMARK [3][]{subsubsection.2.2.2.1}{2.2.2.A Feature extraction}{subsection.2.2.2}% 25
\BOOKMARK [3][]{subsubsection.2.2.2.2}{2.2.2.B Acoustic model}{subsection.2.2.2}% 26
\BOOKMARK [3][]{subsubsection.2.2.2.3}{2.2.2.C Pronunciation model}{subsection.2.2.2}% 27
\BOOKMARK [3][]{subsubsection.2.2.2.4}{2.2.2.D Language model}{subsection.2.2.2}% 28
\BOOKMARK [3][]{subsubsection.2.2.2.5}{2.2.2.E Decoder}{subsection.2.2.2}% 29
\BOOKMARK [2][]{subsection.2.2.3}{2.2.3 End-to-end automatic speech recognition}{section.2.2}% 30
\BOOKMARK [3][]{subsubsection.2.2.3.1}{2.2.3.A Connectionist Temporal Classification}{subsection.2.2.3}% 31
\BOOKMARK [3][]{subsubsection.2.2.3.2}{2.2.3.B Sequence to sequence}{subsection.2.2.3}% 32
\BOOKMARK [2][]{subsection.2.2.4}{2.2.4 Automatic Speech Recognition metrics}{section.2.2}% 33
\BOOKMARK [1][]{section.2.3}{2.3 Children automatic speech recognition}{chapter.2}% 34
\BOOKMARK [2][]{subsection.2.3.1}{2.3.1 Feature extraction stage}{section.2.3}% 35
\BOOKMARK [2][]{subsection.2.3.2}{2.3.2 Pronunciation and language model}{section.2.3}% 36
\BOOKMARK [2][]{subsection.2.3.3}{2.3.3 Design of acoustic models}{section.2.3}% 37
\BOOKMARK [2][]{subsection.2.3.4}{2.3.4 End-to-end models}{section.2.3}% 38
\BOOKMARK [2][]{subsection.2.3.5}{2.3.5 Data augmentation}{section.2.3}% 39
\BOOKMARK [3][]{subsubsection.2.3.5.1}{2.3.5.A Using external data}{subsection.2.3.5}% 40
\BOOKMARK [3][]{subsubsection.2.3.5.2}{2.3.5.B Using available data}{subsection.2.3.5}% 41
\BOOKMARK [2][]{subsection.2.3.6}{2.3.6 Training procedure for children speech recognition}{section.2.3}% 42
\BOOKMARK [3][]{subsubsection.2.3.6.1}{2.3.6.A Transfer learning}{subsection.2.3.6}% 43
\BOOKMARK [3][]{subsubsection.2.3.6.2}{2.3.6.B Multi-task learning}{subsection.2.3.6}% 44
\BOOKMARK [3][]{subsubsection.2.3.6.3}{2.3.6.C Self-supervised Learning}{subsection.2.3.6}% 45
\BOOKMARK [1][]{section.2.4}{2.4 Children Corpora}{chapter.2}% 46
\BOOKMARK [2][]{subsection.2.4.1}{2.4.1 LETSREAD}{section.2.4}% 47
\BOOKMARK [2][]{subsection.2.4.2}{2.4.2 PFSTAR\137SWEDISH}{section.2.4}% 48
\BOOKMARK [2][]{subsection.2.4.3}{2.4.3 ETLTDE}{section.2.4}% 49
\BOOKMARK [2][]{subsection.2.4.4}{2.4.4 CMU\137KIDS}{section.2.4}% 50
\BOOKMARK [2][]{subsection.2.4.5}{2.4.5 CHOREC}{section.2.4}% 51
\BOOKMARK [2][]{subsection.2.4.6}{2.4.6 MyST}{section.2.4}% 52
\BOOKMARK [1][]{section.2.5}{2.5 Summary}{chapter.2}% 53
\BOOKMARK [0][]{chapter.3}{3 Hybrid models for children automatic speech recognition}{}% 54
