\BOOKMARK [0][]{Title.0}{Titlepage}{}% 1
\BOOKMARK [0][]{Abstract.0}{Abstract}{}% 2
\BOOKMARK [0][]{Abstract.0}{Abstract}{}% 3
\BOOKMARK [0][]{toc.0}{Contents}{}% 4
\BOOKMARK [1][]{lof.1}{List of Figures}{toc.0}% 5
\BOOKMARK [1][]{lot.1}{List of Tables}{toc.0}% 6
\BOOKMARK [0][]{chapter.1}{1 Introduction}{}% 7
\BOOKMARK [1][]{section.1.1}{1.1 Context}{chapter.1}% 8
\BOOKMARK [1][]{section.1.2}{1.2 Problem statement}{chapter.1}% 9
\BOOKMARK [1][]{section.1.3}{1.3 Contributions}{chapter.1}% 10
\BOOKMARK [1][]{section.1.4}{1.4 Structure for the thesis}{chapter.1}% 11
\BOOKMARK [0][]{chapter.2}{2 Background - Children automatic speech recognition}{}% 12
\BOOKMARK [1][]{section.2.1}{2.1 Children speech recognition challenges}{chapter.2}% 13
\BOOKMARK [2][]{subsection.2.1.1}{2.1.1 Speech variability}{section.2.1}% 14
\BOOKMARK [2][]{subsection.2.1.2}{2.1.2 Language and phonetic knowledge}{section.2.1}% 15
\BOOKMARK [2][]{subsection.2.1.3}{2.1.3 Data scarcity}{section.2.1}% 16
\BOOKMARK [1][]{section.2.2}{2.2 Introduction to automatic speech recognition}{chapter.2}% 17
\BOOKMARK [2][]{subsection.2.2.1}{2.2.1 A brief history of Automatic Speech Recognition}{section.2.2}% 18
\BOOKMARK [3][]{subsubsection.2.2.1.1}{2.2.1.A Early Days}{subsection.2.2.1}% 19
\BOOKMARK [3][]{subsubsection.2.2.1.2}{2.2.1.B The Speech Understanding Research program}{subsection.2.2.1}% 20
\BOOKMARK [2][]{subsection.2.2.2}{2.2.2 Traditional automatic speech recognition systems}{section.2.2}% 21
\BOOKMARK [3][]{subsubsection.2.2.2.1}{2.2.2.A Feature extraction}{subsection.2.2.2}% 22
\BOOKMARK [3][]{subsubsection.2.2.2.2}{2.2.2.B Acoustic model}{subsection.2.2.2}% 23
\BOOKMARK [3][]{subsubsection.2.2.2.3}{2.2.2.C Pronunciation model}{subsection.2.2.2}% 24
\BOOKMARK [3][]{subsubsection.2.2.2.4}{2.2.2.D Language model}{subsection.2.2.2}% 25
\BOOKMARK [3][]{subsubsection.2.2.2.5}{2.2.2.E Decoder}{subsection.2.2.2}% 26
\BOOKMARK [2][]{subsection.2.2.3}{2.2.3 End-to-end automatic speech recognition}{section.2.2}% 27
\BOOKMARK [3][]{subsubsection.2.2.3.1}{2.2.3.A Connectionist Temporal Classification}{subsection.2.2.3}% 28
\BOOKMARK [3][]{subsubsection.2.2.3.2}{2.2.3.B Sequence to sequence}{subsection.2.2.3}% 29
\BOOKMARK [2][]{subsection.2.2.4}{2.2.4 Automatic Speech Recognition metrics}{section.2.2}% 30
\BOOKMARK [1][]{section.2.3}{2.3 Children automatic speech recognition}{chapter.2}% 31
\BOOKMARK [2][]{subsection.2.3.1}{2.3.1 Feature extraction stage}{section.2.3}% 32
\BOOKMARK [2][]{subsection.2.3.2}{2.3.2 Pronunciation and language model}{section.2.3}% 33
\BOOKMARK [2][]{subsection.2.3.3}{2.3.3 Design of acoustic models}{section.2.3}% 34
\BOOKMARK [2][]{subsection.2.3.4}{2.3.4 End-to-end models}{section.2.3}% 35
\BOOKMARK [2][]{subsection.2.3.5}{2.3.5 Data augmentation}{section.2.3}% 36
\BOOKMARK [3][]{subsubsection.2.3.5.1}{2.3.5.A Using available data}{subsection.2.3.5}% 37
\BOOKMARK [2][]{subsection.2.3.6}{2.3.6 Training procedure for children speech recognition}{section.2.3}% 38
\BOOKMARK [3][]{subsubsection.2.3.6.1}{2.3.6.A Transfer learning}{subsection.2.3.6}% 39
\BOOKMARK [3][]{subsubsection.2.3.6.2}{2.3.6.B Multi-task learning}{subsection.2.3.6}% 40
\BOOKMARK [1][]{section.2.4}{2.4 Children Corpora}{chapter.2}% 41
\BOOKMARK [2][]{subsection.2.4.1}{2.4.1 LETSREAD}{section.2.4}% 42
\BOOKMARK [2][]{subsection.2.4.2}{2.4.2 PFSTAR\137SWEDISH}{section.2.4}% 43
\BOOKMARK [2][]{subsection.2.4.3}{2.4.3 ETLTDE}{section.2.4}% 44
\BOOKMARK [2][]{subsection.2.4.4}{2.4.4 CMU\137KIDS}{section.2.4}% 45
\BOOKMARK [2][]{subsection.2.4.5}{2.4.5 CHOREC}{section.2.4}% 46
\BOOKMARK [2][]{subsection.2.4.6}{2.4.6 MyST}{section.2.4}% 47
\BOOKMARK [1][]{section.2.5}{2.5 Summary}{chapter.2}% 48
\BOOKMARK [0][]{chapter.3}{3 Hybrid models for children automatic speech recognition}{}% 49
\BOOKMARK [1][]{section.3.1}{3.1 Introduction}{chapter.3}% 50
\BOOKMARK [1][]{section.3.2}{3.2 Multi-task and Transfer learning using adult and children data}{chapter.3}% 51
\BOOKMARK [2][]{subsection.3.2.1}{3.2.1 Methodology}{section.3.2}% 52
\BOOKMARK [2][]{subsection.3.2.2}{3.2.2 Corpus}{section.3.2}% 53
\BOOKMARK [2][]{subsection.3.2.3}{3.2.3 Experimental setup}{section.3.2}% 54
\BOOKMARK [2][]{subsection.3.2.4}{3.2.4 Results}{section.3.2}% 55
\BOOKMARK [2][]{subsection.3.2.5}{3.2.5 Summary and discussion}{section.3.2}% 56
\BOOKMARK [1][]{section.3.3}{3.3 Multi-task and transfer learning using multilingual children data}{chapter.3}% 57
\BOOKMARK [2][]{subsection.3.3.1}{3.3.1 Motivation}{section.3.3}% 58
\BOOKMARK [2][]{subsection.3.3.2}{3.3.2 Proposed approach}{section.3.3}% 59
\BOOKMARK [2][]{subsection.3.3.3}{3.3.3 Setup}{section.3.3}% 60
\BOOKMARK [2][]{subsection.3.3.4}{3.3.4 Multilingual-transfer learning experiment}{section.3.3}% 61
\BOOKMARK [2][]{subsection.3.3.5}{3.3.5 Cross-lingual validation}{section.3.3}% 62
\BOOKMARK [2][]{subsection.3.3.6}{3.3.6 Summary and discussion}{section.3.3}% 63
\BOOKMARK [1][]{section.3.4}{3.4 Conclusion}{chapter.3}% 64
\BOOKMARK [0][]{chapter.4}{4 End-to-End children automatic speech recognition}{}% 65
\BOOKMARK [1][]{section.4.1}{4.1 Introduction}{chapter.4}% 66
\BOOKMARK [1][]{section.4.2}{4.2 Transformer models}{chapter.4}% 67
\BOOKMARK [1][]{section.4.3}{4.3 Adapters for Transformer based models}{chapter.4}% 68
\BOOKMARK [2][]{subsection.4.3.1}{4.3.1 Related work}{section.4.3}% 69
\BOOKMARK [3][]{subsubsection.4.3.1.1}{4.3.1.A Transformer model for children ASR}{subsection.4.3.1}% 70
\BOOKMARK [3][]{subsubsection.4.3.1.2}{4.3.1.B Adapters}{subsection.4.3.1}% 71
\BOOKMARK [3][]{subsubsection.4.3.1.3}{4.3.1.C Variational Auto-Encoders}{subsection.4.3.1}% 72
\BOOKMARK [2][]{subsection.4.3.2}{4.3.2 Variational adapters}{section.4.3}% 73
\BOOKMARK [2][]{subsection.4.3.3}{4.3.3 Experiments}{section.4.3}% 74
\BOOKMARK [3][]{subsubsection.4.3.3.1}{4.3.3.A Corpus}{subsection.4.3.3}% 75
\BOOKMARK [3][]{subsubsection.4.3.3.2}{4.3.3.B Implementation details}{subsection.4.3.3}% 76
\BOOKMARK [3][]{subsubsection.4.3.3.3}{4.3.3.C Experiments description}{subsection.4.3.3}% 77
\BOOKMARK [2][]{subsection.4.3.4}{4.3.4 Results}{section.4.3}% 78
\BOOKMARK [3][]{subsubsection.4.3.4.1}{4.3.4.A Transfer learning experiments}{subsection.4.3.4}% 79
\BOOKMARK [2][]{subsection.4.3.5}{4.3.5 Adapters and Vadapters results}{section.4.3}% 80
\BOOKMARK [3][]{subsubsection.4.3.5.1}{4.3.5.A Adapters for children ASR}{subsection.4.3.5}% 81
\BOOKMARK [3][]{subsubsection.4.3.5.2}{4.3.5.B Variational-adapters}{subsection.4.3.5}% 82
\BOOKMARK [2][]{subsection.4.3.6}{4.3.6 Discusion}{section.4.3}% 83
\BOOKMARK [1][]{section.4.4}{4.4 Summary}{chapter.4}% 84
\BOOKMARK [0][]{chapter.5}{5 Use of synthetic speech as data augmentation}{}% 85
\BOOKMARK [1][]{section.5.1}{5.1 Introduction}{chapter.5}% 86
\BOOKMARK [1][]{section.5.2}{5.2 Related work}{chapter.5}% 87
\BOOKMARK [2][]{subsection.5.2.1}{5.2.1 TTS data augmentation}{section.5.2}% 88
\BOOKMARK [2][]{subsection.5.2.2}{5.2.2 Adapters}{section.5.2}% 89
\BOOKMARK [1][]{section.5.3}{5.3 Method}{chapter.5}% 90
\BOOKMARK [1][]{section.5.4}{5.4 System description}{chapter.5}% 91
\BOOKMARK [2][]{subsection.5.4.1}{5.4.1 Transformer architecture for ASR}{section.5.4}% 92
\BOOKMARK [2][]{subsection.5.4.2}{5.4.2 Multi-speaker text-to-speech: YourTTS}{section.5.4}% 93
\BOOKMARK [1][]{section.5.5}{5.5 Experimental setup}{chapter.5}% 94
\BOOKMARK [2][]{subsection.5.5.1}{5.5.1 Real speech corpus}{section.5.5}% 95
\BOOKMARK [2][]{subsection.5.5.2}{5.5.2 Synthetic data}{section.5.5}% 96
\BOOKMARK [2][]{subsection.5.5.3}{5.5.3 Experiments}{section.5.5}% 97
\BOOKMARK [1][]{section.5.6}{5.6 Results and discussion}{chapter.5}% 98
\BOOKMARK [2][]{subsection.5.6.1}{5.6.1 Comparison with existing approaches}{section.5.6}% 99
\BOOKMARK [2][]{subsection.5.6.2}{5.6.2 Effect of the number of hours}{section.5.6}% 100
\BOOKMARK [2][]{subsection.5.6.3}{5.6.3 Effect of the Adapters hyper-parameters}{section.5.6}% 101
\BOOKMARK [1][]{section.5.7}{5.7 Conclusions and future work}{chapter.5}% 102
\BOOKMARK [1][]{section.5.8}{5.8 Ongoing and future work}{chapter.5}% 103
\BOOKMARK [0][]{chapter.6}{6 Pathology detection from speech}{}% 104
\BOOKMARK [0][]{bib.0}{Bibliography}{}% 105
\BOOKMARK [0][]{chapter.6}{Bibliography}{}% 106
